  4laba4.cpp
C:\Users\lacke\source\repos\4laba4\4laba4\Header.cpp(13,7): error C2011: Website: переопределение типа "class"
  Header.cpp
C:\Users\lacke\source\repos\4laba4\4laba4\Header.cpp(54,7): error C2011: WebsiteGroup: переопределение типа "class"
C:\Users\lacke\source\repos\4laba4\4laba4\4laba4.cpp(9,16): error C2027: использование неопределенного типа "Website"
C:\Users\lacke\source\repos\4laba4\4laba4\4laba4.cpp(10,16): error C2027: использование неопределенного типа "Website"
C:\Users\lacke\source\repos\4laba4\4laba4\4laba4.cpp(11,16): error C2027: использование неопределенного типа "Website"
C:\Users\lacke\source\repos\4laba4\4laba4\4laba4.cpp(12,16): error C2027: использование неопределенного типа "Website"
C:\Users\lacke\source\repos\4laba4\4laba4\4laba4.cpp(13,16): error C2027: использование неопределенного типа "Website"
C:\Users\lacke\source\repos\4laba4\4laba4\4laba4.cpp(14,16): error C2027: использование неопределенного типа "Website"
C:\Users\lacke\source\repos\4laba4\4laba4\4laba4.cpp(15,16): error C2027: использование неопределенного типа "Website"
C:\Users\lacke\source\repos\4laba4\4laba4\4laba4.cpp(16,16): error C2027: использование неопределенного типа "Website"
C:\Users\lacke\source\repos\4laba4\4laba4\4laba4.cpp(17,16): error C2027: использование неопределенного типа "Website"
C:\Users\lacke\source\repos\4laba4\4laba4\4laba4.cpp(32,41): error C2027: использование неопределенного типа "WebsiteGroup"
C:\Users\lacke\source\repos\4laba4\4laba4\4laba4.cpp(32,41): error C3861: GroupByDomain: идентификатор не найден
C:\Users\lacke\source\repos\4laba4\4laba4\4laba4.cpp(32,9): error C2593: неоднозначный "оператор ="
C:\Users\lacke\source\repos\4laba4\4laba4\4laba4.cpp(35,41): error C2027: использование неопределенного типа "WebsiteGroup"
C:\Users\lacke\source\repos\4laba4\4laba4\4laba4.cpp(35,41): error C3861: GroupByProtocol: идентификатор не найден
C:\Users\lacke\source\repos\4laba4\4laba4\4laba4.cpp(35,9): error C2593: неоднозначный "оператор ="
C:\Users\lacke\source\repos\4laba4\4laba4\4laba4.cpp(38,41): error C2027: использование неопределенного типа "WebsiteGroup"
C:\Users\lacke\source\repos\4laba4\4laba4\4laba4.cpp(38,41): error C3861: GroupByPath: идентификатор не найден
C:\Users\lacke\source\repos\4laba4\4laba4\4laba4.cpp(38,9): error C2593: неоднозначный "оператор ="
C:\Users\lacke\source\repos\4laba4\4laba4\4laba4.cpp(49,30): error C2027: использование неопределенного типа "Website"
C:\Users\lacke\source\repos\4laba4\4laba4\Header.cpp(13,7): error C2011: Website: переопределение типа "class"
C:\Users\lacke\source\repos\4laba4\4laba4\Header.cpp(54,7): error C2011: WebsiteGroup: переопределение типа "class"
  Создание кода...
